2019-11-08 09:29:23 -Starting TcpServerApplication on DESKTOP-R1A3M-1 with PID 8600 (D:\it\tcp\tcp_server\target\classes started by Administrator in D:\it\tcp\tcp_server)
2019-11-08 09:29:23 -No active profile set, falling back to default profiles: default
2019-11-08 09:29:24 -Started TcpServerApplication in 1.16 seconds (JVM running for 2.079)
2019-11-08 09:30:52 -Starting TcpServerApplication on DESKTOP-R1A3M-1 with PID 6688 (D:\it\tcp\tcp_server\target\classes started by Administrator in D:\it\tcp\tcp_server)
2019-11-08 09:30:52 -No active profile set, falling back to default profiles: default
2019-11-08 09:30:53 -Started TcpServerApplication in 0.893 seconds (JVM running for 1.483)
2019-11-08 09:31:11 -Starting TcpServerApplication on DESKTOP-R1A3M-1 with PID 2140 (D:\it\tcp\tcp_server\target\classes started by Administrator in D:\it\tcp\tcp_server)
2019-11-08 09:31:11 -No active profile set, falling back to default profiles: default
2019-11-08 09:31:12 -Started TcpServerApplication in 0.848 seconds (JVM running for 1.418)
2019-11-08 09:32:59 -Starting TcpServerApplication on DESKTOP-R1A3M-1 with PID 2436 (D:\it\tcp\tcp_server\target\classes started by Administrator in D:\it\tcp\tcp_server)
2019-11-08 09:32:59 -No active profile set, falling back to default profiles: default
2019-11-08 09:32:59 -Started TcpServerApplication in 0.98 seconds (JVM running for 1.561)
2019-11-08 09:46:46 -Starting TcpServerApplication on DESKTOP-R1A3M-1 with PID 6024 (D:\it\tcp\tcp_server\target\classes started by Administrator in D:\it\tcp\tcp_server)
2019-11-08 09:46:46 -No active profile set, falling back to default profiles: default
2019-11-08 09:46:47 -Started TcpServerApplication in 0.878 seconds (JVM running for 1.492)
2019-11-08 09:47:24 -Starting TcpServerApplication on DESKTOP-R1A3M-1 with PID 1596 (D:\it\tcp\tcp_server\target\classes started by Administrator in D:\it\tcp\tcp_server)
2019-11-08 09:47:24 -No active profile set, falling back to default profiles: default
2019-11-08 09:47:24 -Started TcpServerApplication in 0.872 seconds (JVM running for 2.334)
2019-11-08 09:48:15 -Starting TcpServerApplication on DESKTOP-R1A3M-1 with PID 5984 (D:\it\tcp\tcp_server\target\classes started by Administrator in D:\it\tcp\tcp_server)
2019-11-08 09:48:15 -No active profile set, falling back to default profiles: default
2019-11-08 09:48:16 -Started TcpServerApplication in 0.972 seconds (JVM running for 1.544)
2019-11-08 09:48:49 -Starting TcpServerApplication on DESKTOP-R1A3M-1 with PID 7960 (D:\it\tcp\tcp_server\target\classes started by Administrator in D:\it\tcp\tcp_server)
2019-11-08 09:48:49 -No active profile set, falling back to default profiles: default
2019-11-08 09:48:50 -Started TcpServerApplication in 1.108 seconds (JVM running for 1.996)
2019-11-08 09:50:01 -Starting TcpServerApplication on DESKTOP-R1A3M-1 with PID 1180 (D:\it\tcp\tcp_server\target\classes started by Administrator in D:\it\tcp\tcp_server)
2019-11-08 09:50:01 -No active profile set, falling back to default profiles: default
2019-11-08 09:50:02 -Started TcpServerApplication in 1.096 seconds (JVM running for 1.88)
2019-11-08 09:50:34 -Starting TcpServerApplication on DESKTOP-R1A3M-1 with PID 8284 (D:\it\tcp\tcp_server\target\classes started by Administrator in D:\it\tcp\tcp_server)
2019-11-08 09:50:34 -No active profile set, falling back to default profiles: default
2019-11-08 09:50:34 -Started TcpServerApplication in 1.006 seconds (JVM running for 1.909)
2019-11-08 09:51:03 -Starting Application on DESKTOP-R1A3M-1 with PID 6964 (D:\it\tcp\tcp_server\target\classes started by Administrator in D:\it\tcp\tcp_server)
2019-11-08 09:51:03 -No active profile set, falling back to default profiles: default
2019-11-08 09:51:03 -Failed to introspect annotations on class com.Application: java.lang.annotation.AnnotationFormatError: Invalid default: public abstract java.lang.Class org.mybatis.spring.annotation.MapperScan.factoryBean()
2019-11-08 09:51:03 -Application run failed
java.lang.annotation.AnnotationFormatError: Invalid default: public abstract java.lang.Class org.mybatis.spring.annotation.MapperScan.factoryBean()
	at java.lang.reflect.Method.getDefaultValue(Method.java:612)
	at sun.reflect.annotation.AnnotationType.<init>(AnnotationType.java:132)
	at sun.reflect.annotation.AnnotationType.getInstance(AnnotationType.java:85)
	at sun.reflect.annotation.AnnotationParser.parseAnnotation2(AnnotationParser.java:266)
	at sun.reflect.annotation.AnnotationParser.parseAnnotations2(AnnotationParser.java:120)
	at sun.reflect.annotation.AnnotationParser.parseAnnotations(AnnotationParser.java:72)
	at java.lang.Class.createAnnotationData(Class.java:3521)
	at java.lang.Class.annotationData(Class.java:3510)
	at java.lang.Class.getAnnotations(Class.java:3446)
	at org.springframework.core.type.StandardAnnotationMetadata.<init>(StandardAnnotationMetadata.java:70)
	at org.springframework.beans.factory.annotation.AnnotatedGenericBeanDefinition.<init>(AnnotatedGenericBeanDefinition.java:58)
	at org.springframework.context.annotation.AnnotatedBeanDefinitionReader.doRegisterBean(AnnotatedBeanDefinitionReader.java:216)
	at org.springframework.context.annotation.AnnotatedBeanDefinitionReader.registerBean(AnnotatedBeanDefinitionReader.java:145)
	at org.springframework.context.annotation.AnnotatedBeanDefinitionReader.register(AnnotatedBeanDefinitionReader.java:135)
	at org.springframework.boot.BeanDefinitionLoader.load(BeanDefinitionLoader.java:156)
	at org.springframework.boot.BeanDefinitionLoader.load(BeanDefinitionLoader.java:135)
	at org.springframework.boot.BeanDefinitionLoader.load(BeanDefinitionLoader.java:127)
	at org.springframework.boot.SpringApplication.load(SpringApplication.java:688)
	at org.springframework.boot.SpringApplication.prepareContext(SpringApplication.java:386)
	at org.springframework.boot.SpringApplication.run(SpringApplication.java:311)
	at org.springframework.boot.SpringApplication.run(SpringApplication.java:1215)
	at org.springframework.boot.SpringApplication.run(SpringApplication.java:1204)
	at com.Application.main(Application.java:13)
2019-11-08 09:52:33 -Starting Application on DESKTOP-R1A3M-1 with PID 6956 (D:\it\tcp\tcp_server\target\classes started by Administrator in D:\it\tcp\tcp_server)
2019-11-08 09:52:33 -No active profile set, falling back to default profiles: default
2019-11-08 09:52:35 -Tomcat initialized with port(s): 8080 (http)
2019-11-08 09:52:35 -Initializing ProtocolHandler ["http-nio-8080"]
2019-11-08 09:52:35 -Starting service [Tomcat]
2019-11-08 09:52:35 -Starting Servlet engine: [Apache Tomcat/9.0.24]
2019-11-08 09:52:35 -Initializing Spring embedded WebApplicationContext
2019-11-08 09:52:35 -Root WebApplicationContext: initialization completed in 1288 ms
2019-11-08 09:52:35 -Exception encountered during context initialization - cancelling refresh attempt: org.springframework.beans.factory.UnsatisfiedDependencyException: Error creating bean with name 'tcpServiceImpl': Unsatisfied dependency expressed through field 'tcpDao1'; nested exception is org.springframework.beans.factory.UnsatisfiedDependencyException: Error creating bean with name 'tcpDao' defined in file [D:\it\tcp\tcp_server\target\classes\com\dao\tcpDao.class]: Unsatisfied dependency expressed through bean property 'sqlSessionFactory'; nested exception is org.springframework.beans.factory.UnsatisfiedDependencyException: Error creating bean with name 'sqlSessionFactory' defined in class path resource [org/mybatis/spring/boot/autoconfigure/MybatisAutoConfiguration.class]: Unsatisfied dependency expressed through method 'sqlSessionFactory' parameter 0; nested exception is org.springframework.beans.factory.BeanCreationException: Error creating bean with name 'dataSource' defined in class path resource [org/springframework/boot/autoconfigure/jdbc/DataSourceConfiguration$Hikari.class]: Bean instantiation via factory method failed; nested exception is org.springframework.beans.BeanInstantiationException: Failed to instantiate [com.zaxxer.hikari.HikariDataSource]: Factory method 'dataSource' threw exception; nested exception is org.springframework.boot.autoconfigure.jdbc.DataSourceProperties$DataSourceBeanCreationException: Failed to determine a suitable driver class
2019-11-08 09:52:35 -Stopping service [Tomcat]
2019-11-08 09:52:35 -

Error starting ApplicationContext. To display the conditions report re-run your application with 'debug' enabled.
2019-11-08 09:52:35 -

***************************
APPLICATION FAILED TO START
***************************

Description:

Failed to configure a DataSource: 'url' attribute is not specified and no embedded datasource could be configured.

Reason: Failed to determine a suitable driver class


Action:

Consider the following:
	If you want an embedded database (H2, HSQL or Derby), please put it on the classpath.
	If you have database settings to be loaded from a particular profile you may need to activate it (no profiles are currently active).

2019-11-08 09:54:06 -Starting Application on DESKTOP-R1A3M-1 with PID 3548 (D:\it\tcp\tcp_server\target\classes started by Administrator in D:\it\tcp\tcp_server)
2019-11-08 09:54:06 -No active profile set, falling back to default profiles: default
2019-11-08 09:54:07 -Tomcat initialized with port(s): 9090 (http)
2019-11-08 09:54:07 -Initializing ProtocolHandler ["http-nio-9090"]
2019-11-08 09:54:07 -Starting service [Tomcat]
2019-11-08 09:54:07 -Starting Servlet engine: [Apache Tomcat/9.0.24]
2019-11-08 09:54:07 -Initializing Spring embedded WebApplicationContext
2019-11-08 09:54:07 -Root WebApplicationContext: initialization completed in 1299 ms
2019-11-08 09:54:08 -Exception encountered during context initialization - cancelling refresh attempt: org.springframework.beans.factory.UnsatisfiedDependencyException: Error creating bean with name 'tcpServiceImpl': Unsatisfied dependency expressed through field 'tcpDao1'; nested exception is org.springframework.beans.factory.UnsatisfiedDependencyException: Error creating bean with name 'tcpDao' defined in file [D:\it\tcp\tcp_server\target\classes\com\dao\tcpDao.class]: Unsatisfied dependency expressed through bean property 'sqlSessionFactory'; nested exception is org.springframework.beans.factory.UnsatisfiedDependencyException: Error creating bean with name 'sqlSessionFactory' defined in class path resource [org/mybatis/spring/boot/autoconfigure/MybatisAutoConfiguration.class]: Unsatisfied dependency expressed through method 'sqlSessionFactory' parameter 0; nested exception is org.springframework.beans.factory.BeanCreationException: Error creating bean with name 'dataSource' defined in class path resource [org/springframework/boot/autoconfigure/jdbc/DataSourceConfiguration$Hikari.class]: Bean instantiation via factory method failed; nested exception is org.springframework.beans.BeanInstantiationException: Failed to instantiate [com.zaxxer.hikari.HikariDataSource]: Factory method 'dataSource' threw exception; nested exception is org.springframework.boot.autoconfigure.jdbc.DataSourceProperties$DataSourceBeanCreationException: Failed to determine a suitable driver class
2019-11-08 09:54:08 -Stopping service [Tomcat]
2019-11-08 09:54:08 -

Error starting ApplicationContext. To display the conditions report re-run your application with 'debug' enabled.
2019-11-08 09:54:08 -

***************************
APPLICATION FAILED TO START
***************************

Description:

Failed to configure a DataSource: 'url' attribute is not specified and no embedded datasource could be configured.

Reason: Failed to determine a suitable driver class


Action:

Consider the following:
	If you want an embedded database (H2, HSQL or Derby), please put it on the classpath.
	If you have database settings to be loaded from a particular profile you may need to activate it (no profiles are currently active).

2019-11-08 09:56:10 -Starting Application on DESKTOP-R1A3M-1 with PID 3876 (D:\it\tcp\tcp_server\target\classes started by Administrator in D:\it\tcp\tcp_server)
2019-11-08 09:56:10 -No active profile set, falling back to default profiles: default
2019-11-08 09:56:11 -Tomcat initialized with port(s): 9090 (http)
2019-11-08 09:56:11 -Initializing ProtocolHandler ["http-nio-9090"]
2019-11-08 09:56:11 -Starting service [Tomcat]
2019-11-08 09:56:11 -Starting Servlet engine: [Apache Tomcat/9.0.24]
2019-11-08 09:56:11 -Initializing Spring embedded WebApplicationContext
2019-11-08 09:56:11 -Root WebApplicationContext: initialization completed in 1304 ms
2019-11-08 09:56:12 -Exception encountered during context initialization - cancelling refresh attempt: org.springframework.beans.factory.UnsatisfiedDependencyException: Error creating bean with name 'tcpServiceImpl': Unsatisfied dependency expressed through field 'tcpDao1'; nested exception is org.springframework.beans.factory.UnsatisfiedDependencyException: Error creating bean with name 'tcpDao' defined in file [D:\it\tcp\tcp_server\target\classes\com\dao\tcpDao.class]: Unsatisfied dependency expressed through bean property 'sqlSessionFactory'; nested exception is org.springframework.beans.factory.UnsatisfiedDependencyException: Error creating bean with name 'sqlSessionFactory' defined in class path resource [org/mybatis/spring/boot/autoconfigure/MybatisAutoConfiguration.class]: Unsatisfied dependency expressed through method 'sqlSessionFactory' parameter 0; nested exception is org.springframework.beans.factory.BeanCreationException: Error creating bean with name 'dataSource' defined in class path resource [org/springframework/boot/autoconfigure/jdbc/DataSourceConfiguration$Hikari.class]: Bean instantiation via factory method failed; nested exception is org.springframework.beans.BeanInstantiationException: Failed to instantiate [com.zaxxer.hikari.HikariDataSource]: Factory method 'dataSource' threw exception; nested exception is org.springframework.boot.autoconfigure.jdbc.DataSourceProperties$DataSourceBeanCreationException: Failed to determine a suitable driver class
2019-11-08 09:56:12 -Stopping service [Tomcat]
2019-11-08 09:56:12 -

Error starting ApplicationContext. To display the conditions report re-run your application with 'debug' enabled.
2019-11-08 09:56:12 -

***************************
APPLICATION FAILED TO START
***************************

Description:

Failed to configure a DataSource: 'url' attribute is not specified and no embedded datasource could be configured.

Reason: Failed to determine a suitable driver class


Action:

Consider the following:
	If you want an embedded database (H2, HSQL or Derby), please put it on the classpath.
	If you have database settings to be loaded from a particular profile you may need to activate it (no profiles are currently active).

2019-11-08 09:56:41 -Starting Application on DESKTOP-R1A3M-1 with PID 7996 (D:\it\tcp\tcp_server\target\classes started by Administrator in D:\it\tcp\tcp_server)
2019-11-08 09:56:41 -No active profile set, falling back to default profiles: default
2019-11-08 09:56:42 -Tomcat initialized with port(s): 9090 (http)
2019-11-08 09:56:42 -Initializing ProtocolHandler ["http-nio-9090"]
2019-11-08 09:56:42 -Starting service [Tomcat]
2019-11-08 09:56:42 -Starting Servlet engine: [Apache Tomcat/9.0.24]
2019-11-08 09:56:42 -Initializing Spring embedded WebApplicationContext
2019-11-08 09:56:42 -Root WebApplicationContext: initialization completed in 1302 ms
2019-11-08 09:56:43 -Exception encountered during context initialization - cancelling refresh attempt: org.springframework.beans.factory.UnsatisfiedDependencyException: Error creating bean with name 'tcpServiceImpl': Unsatisfied dependency expressed through field 'tcpDao1'; nested exception is org.springframework.beans.factory.UnsatisfiedDependencyException: Error creating bean with name 'tcpDao' defined in file [D:\it\tcp\tcp_server\target\classes\com\dao\tcpDao.class]: Unsatisfied dependency expressed through bean property 'sqlSessionFactory'; nested exception is org.springframework.beans.factory.UnsatisfiedDependencyException: Error creating bean with name 'sqlSessionFactory' defined in class path resource [org/mybatis/spring/boot/autoconfigure/MybatisAutoConfiguration.class]: Unsatisfied dependency expressed through method 'sqlSessionFactory' parameter 0; nested exception is org.springframework.beans.factory.BeanCreationException: Error creating bean with name 'dataSource' defined in class path resource [org/springframework/boot/autoconfigure/jdbc/DataSourceConfiguration$Hikari.class]: Bean instantiation via factory method failed; nested exception is org.springframework.beans.BeanInstantiationException: Failed to instantiate [com.zaxxer.hikari.HikariDataSource]: Factory method 'dataSource' threw exception; nested exception is org.springframework.boot.autoconfigure.jdbc.DataSourceProperties$DataSourceBeanCreationException: Failed to determine a suitable driver class
2019-11-08 09:56:43 -Stopping service [Tomcat]
2019-11-08 09:56:43 -

Error starting ApplicationContext. To display the conditions report re-run your application with 'debug' enabled.
2019-11-08 09:56:43 -

***************************
APPLICATION FAILED TO START
***************************

Description:

Failed to configure a DataSource: 'url' attribute is not specified and no embedded datasource could be configured.

Reason: Failed to determine a suitable driver class


Action:

Consider the following:
	If you want an embedded database (H2, HSQL or Derby), please put it on the classpath.
	If you have database settings to be loaded from a particular profile you may need to activate it (no profiles are currently active).

2019-11-08 09:58:33 -Starting Application on DESKTOP-R1A3M-1 with PID 6600 (D:\it\tcp\tcp_server\target\classes started by Administrator in D:\it\tcp\tcp_server)
2019-11-08 09:58:33 -No active profile set, falling back to default profiles: default
2019-11-08 09:58:34 -Tomcat initialized with port(s): 9090 (http)
2019-11-08 09:58:34 -Initializing ProtocolHandler ["http-nio-9090"]
2019-11-08 09:58:34 -Starting service [Tomcat]
2019-11-08 09:58:34 -Starting Servlet engine: [Apache Tomcat/9.0.24]
2019-11-08 09:58:34 -Initializing Spring embedded WebApplicationContext
2019-11-08 09:58:34 -Root WebApplicationContext: initialization completed in 1317 ms
2019-11-08 09:58:34 -Failed to load driver class com.mysql.cj.jdbc.Driver from HikariConfig class classloader sun.misc.Launcher$AppClassLoader@18b4aac2
2019-11-08 09:58:34 -Exception encountered during context initialization - cancelling refresh attempt: org.springframework.beans.factory.UnsatisfiedDependencyException: Error creating bean with name 'tcpServiceImpl': Unsatisfied dependency expressed through field 'tcpDao1'; nested exception is org.springframework.beans.factory.UnsatisfiedDependencyException: Error creating bean with name 'tcpDao' defined in file [D:\it\tcp\tcp_server\target\classes\com\dao\tcpDao.class]: Unsatisfied dependency expressed through bean property 'sqlSessionFactory'; nested exception is org.springframework.beans.factory.UnsatisfiedDependencyException: Error creating bean with name 'sqlSessionFactory' defined in class path resource [org/mybatis/spring/boot/autoconfigure/MybatisAutoConfiguration.class]: Unsatisfied dependency expressed through method 'sqlSessionFactory' parameter 0; nested exception is org.springframework.beans.factory.BeanCreationException: Error creating bean with name 'dataSource' defined in class path resource [org/springframework/boot/autoconfigure/jdbc/DataSourceConfiguration$Hikari.class]: Bean instantiation via factory method failed; nested exception is org.springframework.beans.BeanInstantiationException: Failed to instantiate [com.zaxxer.hikari.HikariDataSource]: Factory method 'dataSource' threw exception; nested exception is org.springframework.boot.context.properties.bind.BindException: Failed to bind properties under '' to com.zaxxer.hikari.HikariDataSource
2019-11-08 09:58:34 -Stopping service [Tomcat]
2019-11-08 09:58:34 -

Error starting ApplicationContext. To display the conditions report re-run your application with 'debug' enabled.
2019-11-08 09:58:34 -

***************************
APPLICATION FAILED TO START
***************************

Description:

Failed to bind properties under '' to com.zaxxer.hikari.HikariDataSource:

    Property: driverclassname
    Value: com.mysql.cj.jdbc.Driver
    Origin: "driverClassName" from property source "source"
    Reason: Failed to load driver class com.mysql.cj.jdbc.Driver in either of HikariConfig class loader or Thread context classloader

Action:

Update your application's configuration

2019-11-08 10:02:35 -Starting Application on DESKTOP-R1A3M-1 with PID 2312 (D:\it\tcp\tcp_server\target\classes started by Administrator in D:\it\tcp\tcp_server)
2019-11-08 10:02:35 -No active profile set, falling back to default profiles: default
2019-11-08 10:02:36 -Tomcat initialized with port(s): 9090 (http)
2019-11-08 10:02:36 -Initializing ProtocolHandler ["http-nio-9090"]
2019-11-08 10:02:36 -Starting service [Tomcat]
2019-11-08 10:02:36 -Starting Servlet engine: [Apache Tomcat/9.0.24]
2019-11-08 10:02:36 -Initializing Spring embedded WebApplicationContext
2019-11-08 10:02:36 -Root WebApplicationContext: initialization completed in 1257 ms
2019-11-08 10:02:36 -Exception encountered during context initialization - cancelling refresh attempt: org.springframework.beans.factory.UnsatisfiedDependencyException: Error creating bean with name 'tcpServiceImpl': Unsatisfied dependency expressed through field 'tcpDao1'; nested exception is org.springframework.beans.factory.UnsatisfiedDependencyException: Error creating bean with name 'tcpDao' defined in file [D:\it\tcp\tcp_server\target\classes\com\dao\tcpDao.class]: Unsatisfied dependency expressed through bean property 'sqlSessionFactory'; nested exception is org.springframework.beans.factory.UnsatisfiedDependencyException: Error creating bean with name 'sqlSessionFactory' defined in class path resource [org/mybatis/spring/boot/autoconfigure/MybatisAutoConfiguration.class]: Unsatisfied dependency expressed through method 'sqlSessionFactory' parameter 0; nested exception is org.springframework.beans.factory.BeanCreationException: Error creating bean with name 'dataSource' defined in class path resource [org/springframework/boot/autoconfigure/jdbc/DataSourceConfiguration$Hikari.class]: Bean instantiation via factory method failed; nested exception is org.springframework.beans.BeanInstantiationException: Failed to instantiate [com.zaxxer.hikari.HikariDataSource]: Factory method 'dataSource' threw exception; nested exception is org.springframework.boot.autoconfigure.jdbc.DataSourceProperties$DataSourceBeanCreationException: Failed to determine a suitable driver class
2019-11-08 10:02:36 -Stopping service [Tomcat]
2019-11-08 10:02:36 -

Error starting ApplicationContext. To display the conditions report re-run your application with 'debug' enabled.
2019-11-08 10:02:36 -

***************************
APPLICATION FAILED TO START
***************************

Description:

Failed to configure a DataSource: 'url' attribute is not specified and no embedded datasource could be configured.

Reason: Failed to determine a suitable driver class


Action:

Consider the following:
	If you want an embedded database (H2, HSQL or Derby), please put it on the classpath.
	If you have database settings to be loaded from a particular profile you may need to activate it (no profiles are currently active).

2019-11-08 10:04:35 -Starting Application on DESKTOP-R1A3M-1 with PID 9184 (D:\it\tcp\tcp_server\target\classes started by Administrator in D:\it\tcp\tcp_server)
2019-11-08 10:04:35 -No active profile set, falling back to default profiles: default
2019-11-08 10:04:36 -Tomcat initialized with port(s): 9090 (http)
2019-11-08 10:04:36 -Initializing ProtocolHandler ["http-nio-9090"]
2019-11-08 10:04:36 -Starting service [Tomcat]
2019-11-08 10:04:36 -Starting Servlet engine: [Apache Tomcat/9.0.24]
2019-11-08 10:04:36 -Initializing Spring embedded WebApplicationContext
2019-11-08 10:04:36 -Root WebApplicationContext: initialization completed in 1285 ms
2019-11-08 10:04:36 -Initializing ExecutorService 'applicationTaskExecutor'
2019-11-08 10:04:36 -Starting ProtocolHandler ["http-nio-9090"]
2019-11-08 10:04:36 -Tomcat started on port(s): 9090 (http) with context path ''
2019-11-08 10:04:36 -Started Application in 2.063 seconds (JVM running for 2.655)
2019-11-08 10:04:58 -Starting TcpServerApplication on DESKTOP-R1A3M-1 with PID 4908 (D:\it\tcp\tcp_server\target\classes started by Administrator in D:\it\tcp\tcp_server)
2019-11-08 10:04:58 -No active profile set, falling back to default profiles: default
2019-11-08 10:04:59 -No MyBatis mapper was found in '[com.tool.tcp.tcp_server]' package. Please check your configuration.
2019-11-08 10:04:59 -Started TcpServerApplication in 1.141 seconds (JVM running for 1.841)
2019-11-08 10:09:37 -Starting Application on DESKTOP-R1A3M-1 with PID 1624 (D:\it\tcp\tcp_server\target\classes started by Administrator in D:\it\tcp\tcp_server)
2019-11-08 10:09:37 -No active profile set, falling back to default profiles: default
2019-11-08 10:09:38 -Tomcat initialized with port(s): 9090 (http)
2019-11-08 10:09:38 -Initializing ProtocolHandler ["http-nio-9090"]
2019-11-08 10:09:38 -Starting service [Tomcat]
2019-11-08 10:09:38 -Starting Servlet engine: [Apache Tomcat/9.0.24]
2019-11-08 10:09:38 -Initializing Spring embedded WebApplicationContext
2019-11-08 10:09:38 -Root WebApplicationContext: initialization completed in 1257 ms
2019-11-08 10:09:38 -Initializing ExecutorService 'applicationTaskExecutor'
2019-11-08 10:09:39 -Starting ProtocolHandler ["http-nio-9090"]
2019-11-08 10:09:39 -Tomcat started on port(s): 9090 (http) with context path ''
2019-11-08 10:09:39 -Started Application in 1.917 seconds (JVM running for 2.482)
2019-11-08 10:10:08 -Starting TcpServerApplication on DESKTOP-R1A3M-1 with PID 2636 (D:\it\tcp\tcp_server\target\classes started by Administrator in D:\it\tcp\tcp_server)
2019-11-08 10:10:08 -No active profile set, falling back to default profiles: default
2019-11-08 10:10:09 -No MyBatis mapper was found in '[com.tcp.tcp_server]' package. Please check your configuration.
2019-11-08 10:10:10 -Started TcpServerApplication in 1.777 seconds (JVM running for 2.248)
2019-11-08 10:10:39 -Starting Application on DESKTOP-R1A3M-1 with PID 8620 (D:\it\tcp\tcp_server\target\classes started by Administrator in D:\it\tcp\tcp_server)
2019-11-08 10:10:39 -No active profile set, falling back to default profiles: default
2019-11-08 10:10:40 -Tomcat initialized with port(s): 9090 (http)
2019-11-08 10:10:40 -Initializing ProtocolHandler ["http-nio-9090"]
2019-11-08 10:10:40 -Starting service [Tomcat]
2019-11-08 10:10:40 -Starting Servlet engine: [Apache Tomcat/9.0.24]
2019-11-08 10:10:40 -Initializing Spring embedded WebApplicationContext
2019-11-08 10:10:40 -Root WebApplicationContext: initialization completed in 1197 ms
2019-11-08 10:10:40 -Initializing ExecutorService 'applicationTaskExecutor'
2019-11-08 10:10:40 -Starting ProtocolHandler ["http-nio-9090"]
2019-11-08 10:10:40 -Tomcat started on port(s): 9090 (http) with context path ''
2019-11-08 10:10:40 -Started Application in 1.877 seconds (JVM running for 2.633)
2019-11-08 10:10:51 -Starting TcpServerApplication on DESKTOP-R1A3M-1 with PID 9676 (D:\it\tcp\tcp_server\target\classes started by Administrator in D:\it\tcp\tcp_server)
2019-11-08 10:10:51 -No active profile set, falling back to default profiles: default
2019-11-08 10:10:52 -No MyBatis mapper was found in '[com.tcp.tcp_server]' package. Please check your configuration.
2019-11-08 10:10:53 -Started TcpServerApplication in 1.783 seconds (JVM running for 2.363)
2019-11-08 10:13:38 -Starting TcpServerApplication on DESKTOP-R1A3M-1 with PID 312 (D:\it\tcp\tcp_server\target\classes started by Administrator in D:\it\tcp\tcp_server)
2019-11-08 10:13:38 -No active profile set, falling back to default profiles: default
2019-11-08 10:13:39 -No MyBatis mapper was found in '[com.tcp.tcp_server]' package. Please check your configuration.
2019-11-08 10:13:40 -Started TcpServerApplication in 1.768 seconds (JVM running for 2.172)
2019-11-08 10:13:47 -Starting Application on DESKTOP-R1A3M-1 with PID 7508 (D:\it\tcp\tcp_server\target\classes started by Administrator in D:\it\tcp\tcp_server)
2019-11-08 10:13:47 -No active profile set, falling back to default profiles: default
2019-11-08 10:13:48 -Tomcat initialized with port(s): 9090 (http)
2019-11-08 10:13:48 -Initializing ProtocolHandler ["http-nio-9090"]
2019-11-08 10:13:48 -Starting service [Tomcat]
2019-11-08 10:13:48 -Starting Servlet engine: [Apache Tomcat/9.0.24]
2019-11-08 10:13:48 -Initializing Spring embedded WebApplicationContext
2019-11-08 10:13:48 -Root WebApplicationContext: initialization completed in 1251 ms
2019-11-08 10:13:49 -Initializing ExecutorService 'applicationTaskExecutor'
2019-11-08 10:13:49 -Starting ProtocolHandler ["http-nio-9090"]
2019-11-08 10:13:49 -Tomcat started on port(s): 9090 (http) with context path ''
2019-11-08 10:13:49 -Started Application in 2.0 seconds (JVM running for 2.754)
2019-11-08 10:13:55 -Starting TcpServerApplication on DESKTOP-R1A3M-1 with PID 6596 (D:\it\tcp\tcp_server\target\classes started by Administrator in D:\it\tcp\tcp_server)
2019-11-08 10:13:55 -No active profile set, falling back to default profiles: default
2019-11-08 10:13:55 -No MyBatis mapper was found in '[com.tcp.tcp_server]' package. Please check your configuration.
2019-11-08 10:13:56 -Started TcpServerApplication in 1.775 seconds (JVM running for 2.351)
2019-11-08 10:15:00 -Starting Application on DESKTOP-R1A3M-1 with PID 2240 (D:\it\tcp\tcp_server\target\classes started by Administrator in D:\it\tcp\tcp_server)
2019-11-08 10:15:00 -No active profile set, falling back to default profiles: default
2019-11-08 10:15:05 -Starting Application on DESKTOP-R1A3M-1 with PID 2524 (D:\it\tcp\tcp_server\target\classes started by Administrator in D:\it\tcp\tcp_server)
2019-11-08 10:15:05 -No active profile set, falling back to default profiles: default
2019-11-08 10:15:06 -Tomcat initialized with port(s): 9090 (http)
2019-11-08 10:15:06 -Initializing ProtocolHandler ["http-nio-9090"]
2019-11-08 10:15:06 -Starting service [Tomcat]
2019-11-08 10:15:06 -Starting Servlet engine: [Apache Tomcat/9.0.24]
2019-11-08 10:15:06 -Initializing Spring embedded WebApplicationContext
2019-11-08 10:15:06 -Root WebApplicationContext: initialization completed in 1229 ms
2019-11-08 10:15:07 -Initializing ExecutorService 'applicationTaskExecutor'
2019-11-08 10:15:07 -Starting ProtocolHandler ["http-nio-9090"]
2019-11-08 10:15:07 -Tomcat started on port(s): 9090 (http) with context path ''
2019-11-08 10:15:07 -Started Application in 1.901 seconds (JVM running for 2.459)
2019-11-08 10:15:22 -Starting TcpServerApplication on DESKTOP-R1A3M-1 with PID 3176 (D:\it\tcp\tcp_server\target\classes started by Administrator in D:\it\tcp\tcp_server)
2019-11-08 10:15:22 -No active profile set, falling back to default profiles: default
2019-11-08 10:15:23 -No MyBatis mapper was found in '[com.tcp]' package. Please check your configuration.
2019-11-08 10:15:23 -Started TcpServerApplication in 1.24 seconds (JVM running for 1.858)
2019-11-08 10:15:51 -Starting Application on DESKTOP-R1A3M-1 with PID 512 (D:\it\tcp\tcp_server\target\classes started by Administrator in D:\it\tcp\tcp_server)
2019-11-08 10:15:51 -No active profile set, falling back to default profiles: default
2019-11-08 10:15:52 -Tomcat initialized with port(s): 9090 (http)
2019-11-08 10:15:52 -Initializing ProtocolHandler ["http-nio-9090"]
2019-11-08 10:15:52 -Starting service [Tomcat]
2019-11-08 10:15:52 -Starting Servlet engine: [Apache Tomcat/9.0.24]
2019-11-08 10:15:52 -Initializing Spring embedded WebApplicationContext
2019-11-08 10:15:52 -Root WebApplicationContext: initialization completed in 1226 ms
2019-11-08 10:15:52 -Initializing ExecutorService 'applicationTaskExecutor'
2019-11-08 10:15:52 -Starting ProtocolHandler ["http-nio-9090"]
2019-11-08 10:15:52 -Tomcat started on port(s): 9090 (http) with context path ''
2019-11-08 10:15:52 -Started Application in 1.902 seconds (JVM running for 2.546)
2019-11-08 10:16:19 -Starting TcpServerApplication on DESKTOP-R1A3M-1 with PID 10104 (D:\it\tcp\tcp_server\target\classes started by Administrator in D:\it\tcp\tcp_server)
2019-11-08 10:16:19 -No active profile set, falling back to default profiles: default
2019-11-08 10:16:20 -Started TcpServerApplication in 0.451 seconds (JVM running for 1.085)
2019-11-08 10:16:34 -Starting Application on DESKTOP-R1A3M-1 with PID 7308 (D:\it\tcp\tcp_server\target\classes started by Administrator in D:\it\tcp\tcp_server)
2019-11-08 10:16:34 -No active profile set, falling back to default profiles: default
2019-11-08 10:16:35 -Tomcat initialized with port(s): 9090 (http)
2019-11-08 10:16:35 -Initializing ProtocolHandler ["http-nio-9090"]
2019-11-08 10:16:35 -Starting service [Tomcat]
2019-11-08 10:16:35 -Starting Servlet engine: [Apache Tomcat/9.0.24]
2019-11-08 10:16:35 -Initializing Spring embedded WebApplicationContext
2019-11-08 10:16:35 -Root WebApplicationContext: initialization completed in 1289 ms
2019-11-08 10:16:36 -Initializing ExecutorService 'applicationTaskExecutor'
2019-11-08 10:16:36 -Starting ProtocolHandler ["http-nio-9090"]
2019-11-08 10:16:36 -Tomcat started on port(s): 9090 (http) with context path ''
2019-11-08 10:16:36 -Started Application in 2.009 seconds (JVM running for 2.603)
2019-11-08 10:16:43 -Starting TcpServerApplication on DESKTOP-R1A3M-1 with PID 2752 (D:\it\tcp\tcp_server\target\classes started by Administrator in D:\it\tcp\tcp_server)
2019-11-08 10:16:43 -No active profile set, falling back to default profiles: default
2019-11-08 10:16:43 -Started TcpServerApplication in 0.462 seconds (JVM running for 1.041)
2019-11-08 10:20:41 -Starting Application on DESKTOP-R1A3M-1 with PID 2836 (D:\it\tcp\tcp_server\target\classes started by Administrator in D:\it\tcp\tcp_server)
2019-11-08 10:20:41 -No active profile set, falling back to default profiles: default
2019-11-08 10:20:43 -Tomcat initialized with port(s): 9090 (http)
2019-11-08 10:20:43 -Initializing ProtocolHandler ["http-nio-9090"]
2019-11-08 10:20:43 -Starting service [Tomcat]
2019-11-08 10:20:43 -Starting Servlet engine: [Apache Tomcat/9.0.24]
2019-11-08 10:20:43 -Initializing Spring embedded WebApplicationContext
2019-11-08 10:20:43 -Root WebApplicationContext: initialization completed in 1377 ms
2019-11-08 10:20:43 -Initializing ExecutorService 'applicationTaskExecutor'
2019-11-08 10:20:43 -Starting ProtocolHandler ["http-nio-9090"]
2019-11-08 10:20:43 -Tomcat started on port(s): 9090 (http) with context path ''
2019-11-08 10:20:43 -Started Application in 2.109 seconds (JVM running for 2.709)
2019-11-08 10:22:19 -Starting Application on DESKTOP-R1A3M-1 with PID 2208 (D:\it\tcp\tcp_server\target\classes started by Administrator in D:\it\tcp\tcp_server)
2019-11-08 10:22:19 -No active profile set, falling back to default profiles: default
2019-11-08 10:22:20 -Tomcat initialized with port(s): 9090 (http)
2019-11-08 10:22:20 -Initializing ProtocolHandler ["http-nio-9090"]
2019-11-08 10:22:20 -Starting service [Tomcat]
2019-11-08 10:22:20 -Starting Servlet engine: [Apache Tomcat/9.0.24]
2019-11-08 10:22:20 -Initializing Spring embedded WebApplicationContext
2019-11-08 10:22:20 -Root WebApplicationContext: initialization completed in 856 ms
2019-11-08 10:22:20 -Initializing ExecutorService 'applicationTaskExecutor'
2019-11-08 10:22:20 -Starting ProtocolHandler ["http-nio-9090"]
2019-11-08 10:22:20 -Tomcat started on port(s): 9090 (http) with context path ''
2019-11-08 10:22:20 -Started Application in 1.624 seconds (JVM running for 2.192)
2019-11-08 10:24:39 -Starting Application on DESKTOP-R1A3M-1 with PID 520 (D:\it\tcp\tcp_server\target\classes started by Administrator in D:\it\tcp\tcp_server)
2019-11-08 10:24:39 -No active profile set, falling back to default profiles: default
2019-11-08 10:24:40 -Tomcat initialized with port(s): 9090 (http)
2019-11-08 10:24:40 -Initializing ProtocolHandler ["http-nio-9090"]
2019-11-08 10:24:40 -Starting service [Tomcat]
2019-11-08 10:24:40 -Starting Servlet engine: [Apache Tomcat/9.0.24]
2019-11-08 10:24:40 -Initializing Spring embedded WebApplicationContext
2019-11-08 10:24:40 -Root WebApplicationContext: initialization completed in 860 ms
2019-11-08 10:24:40 -Initializing ExecutorService 'applicationTaskExecutor'
2019-11-08 10:24:40 -Starting ProtocolHandler ["http-nio-9090"]
2019-11-08 10:24:41 -Tomcat started on port(s): 9090 (http) with context path ''
2019-11-08 10:24:41 -Started Application in 1.571 seconds (JVM running for 2.136)
2019-11-08 10:46:15 -Starting Application on DESKTOP-R1A3M-1 with PID 5988 (D:\it\tcp\tcp_server\target\classes started by Administrator in D:\it\tcp\tcp_server)
2019-11-08 10:46:15 -No active profile set, falling back to default profiles: default
2019-11-08 10:46:16 -Tomcat initialized with port(s): 9090 (http)
2019-11-08 10:46:16 -Initializing ProtocolHandler ["http-nio-9090"]
2019-11-08 10:46:16 -Starting service [Tomcat]
2019-11-08 10:46:16 -Starting Servlet engine: [Apache Tomcat/9.0.24]
2019-11-08 10:46:16 -Initializing Spring embedded WebApplicationContext
2019-11-08 10:46:16 -Root WebApplicationContext: initialization completed in 1284 ms
2019-11-08 10:46:16 -Initializing ExecutorService 'applicationTaskExecutor'
2019-11-08 10:46:17 -Starting ProtocolHandler ["http-nio-9090"]
2019-11-08 10:46:17 -Tomcat started on port(s): 9090 (http) with context path ''
2019-11-08 10:46:17 -Started Application in 2.078 seconds (JVM running for 2.675)
2019-11-08 10:49:16 -Starting Application on DESKTOP-R1A3M-1 with PID 2552 (D:\it\tcp\tcp_server\target\classes started by Administrator in D:\it\tcp\tcp_server)
2019-11-08 10:49:16 -No active profile set, falling back to default profiles: default
2019-11-08 10:49:17 -Tomcat initialized with port(s): 9090 (http)
2019-11-08 10:49:17 -Initializing ProtocolHandler ["http-nio-9090"]
2019-11-08 10:49:17 -Starting service [Tomcat]
2019-11-08 10:49:17 -Starting Servlet engine: [Apache Tomcat/9.0.24]
2019-11-08 10:49:17 -Initializing Spring embedded WebApplicationContext
2019-11-08 10:49:17 -Root WebApplicationContext: initialization completed in 1359 ms
2019-11-08 10:49:17 -Initializing ExecutorService 'applicationTaskExecutor'
2019-11-08 10:49:17 -Starting ProtocolHandler ["http-nio-9090"]
2019-11-08 10:49:17 -Tomcat started on port(s): 9090 (http) with context path ''
2019-11-08 10:49:17 -Started Application in 2.498 seconds (JVM running for 3.192)
2019-11-08 10:50:07 -Initializing Spring DispatcherServlet 'dispatcherServlet'
2019-11-08 10:50:07 -Initializing Servlet 'dispatcherServlet'
2019-11-08 10:50:07 -Completed initialization in 4 ms
2019-11-08 10:50:07 -HikariPool-1 - Starting...
2019-11-08 10:50:07 -HikariPool-1 - Start completed.
2019-11-08 10:50:36 -Starting Application on DESKTOP-R1A3M-1 with PID 696 (D:\it\tcp\tcp_server\target\classes started by Administrator in D:\it\tcp\tcp_server)
2019-11-08 10:50:36 -No active profile set, falling back to default profiles: default
2019-11-08 10:50:37 -Tomcat initialized with port(s): 9090 (http)
2019-11-08 10:50:37 -Initializing ProtocolHandler ["http-nio-9090"]
2019-11-08 10:50:37 -Starting service [Tomcat]
2019-11-08 10:50:37 -Starting Servlet engine: [Apache Tomcat/9.0.24]
2019-11-08 10:50:38 -Initializing Spring embedded WebApplicationContext
2019-11-08 10:50:38 -Root WebApplicationContext: initialization completed in 1395 ms
2019-11-08 10:50:38 -Initializing ExecutorService 'applicationTaskExecutor'
2019-11-08 10:50:38 -Starting ProtocolHandler ["http-nio-9090"]
2019-11-08 10:50:38 -Tomcat started on port(s): 9090 (http) with context path ''
2019-11-08 10:50:38 -Started Application in 2.418 seconds (JVM running for 3.261)
2019-11-08 10:50:49 -Initializing Spring DispatcherServlet 'dispatcherServlet'
2019-11-08 10:50:49 -Initializing Servlet 'dispatcherServlet'
2019-11-08 10:50:49 -Completed initialization in 8 ms
2019-11-08 10:50:57 -HikariPool-1 - Starting...
2019-11-08 10:50:59 -HikariPool-1 - Start completed.
2019-11-08 10:59:36 -Starting Application on DESKTOP-R1A3M-1 with PID 5260 (D:\it\tcp\tcp_server\target\classes started by Administrator in D:\it\tcp\tcp_server)
2019-11-08 10:59:36 -No active profile set, falling back to default profiles: default
2019-11-08 10:59:38 -Tomcat initialized with port(s): 9090 (http)
2019-11-08 10:59:38 -Initializing ProtocolHandler ["http-nio-9090"]
2019-11-08 10:59:38 -Starting service [Tomcat]
2019-11-08 10:59:38 -Starting Servlet engine: [Apache Tomcat/9.0.24]
2019-11-08 10:59:38 -Initializing Spring embedded WebApplicationContext
2019-11-08 10:59:38 -Root WebApplicationContext: initialization completed in 1589 ms
2019-11-08 10:59:38 -Initializing ExecutorService 'applicationTaskExecutor'
2019-11-08 10:59:39 -Starting ProtocolHandler ["http-nio-9090"]
2019-11-08 10:59:39 -Tomcat started on port(s): 9090 (http) with context path ''
2019-11-08 10:59:39 -Started Application in 2.569 seconds (JVM running for 3.373)
2019-11-08 11:06:20 -Starting Application on DESKTOP-R1A3M-1 with PID 5800 (D:\it\tcp\tcp_server\target\classes started by Administrator in D:\it\tcp\tcp_server)
2019-11-08 11:06:20 -No active profile set, falling back to default profiles: default
2019-11-08 11:06:21 -Tomcat initialized with port(s): 9090 (http)
2019-11-08 11:06:21 -Initializing ProtocolHandler ["http-nio-9090"]
2019-11-08 11:06:21 -Starting service [Tomcat]
2019-11-08 11:06:21 -Starting Servlet engine: [Apache Tomcat/9.0.24]
2019-11-08 11:06:21 -Initializing Spring embedded WebApplicationContext
2019-11-08 11:06:21 -Root WebApplicationContext: initialization completed in 1407 ms
2019-11-08 11:06:22 -Initializing ExecutorService 'applicationTaskExecutor'
2019-11-08 11:06:22 -Starting ProtocolHandler ["http-nio-9090"]
2019-11-08 11:06:22 -Tomcat started on port(s): 9090 (http) with context path ''
2019-11-08 11:06:22 -Started Application in 2.614 seconds (JVM running for 3.411)
2019-11-08 11:06:46 -Starting Application on DESKTOP-R1A3M-1 with PID 2184 (D:\it\tcp\tcp_server\target\classes started by Administrator in D:\it\tcp\tcp_server)
2019-11-08 11:06:46 -No active profile set, falling back to default profiles: default
2019-11-08 11:06:48 -Tomcat initialized with port(s): 9090 (http)
2019-11-08 11:06:48 -Initializing ProtocolHandler ["http-nio-9090"]
2019-11-08 11:06:48 -Starting service [Tomcat]
2019-11-08 11:06:48 -Starting Servlet engine: [Apache Tomcat/9.0.24]
2019-11-08 11:06:48 -Initializing Spring embedded WebApplicationContext
2019-11-08 11:06:48 -Root WebApplicationContext: initialization completed in 1604 ms
2019-11-08 11:06:48 -Initializing ExecutorService 'applicationTaskExecutor'
2019-11-08 11:06:48 -Starting ProtocolHandler ["http-nio-9090"]
2019-11-08 11:06:48 -Tomcat started on port(s): 9090 (http) with context path ''
2019-11-08 11:06:48 -Started Application in 2.615 seconds (JVM running for 3.463)
2019-11-08 11:08:52 -Starting Application on DESKTOP-R1A3M-1 with PID 6568 (D:\it\tcp\tcp_server\target\classes started by Administrator in D:\it\tcp\tcp_server)
2019-11-08 11:08:52 -No active profile set, falling back to default profiles: default
2019-11-08 11:08:54 -Tomcat initialized with port(s): 9090 (http)
2019-11-08 11:08:54 -Initializing ProtocolHandler ["http-nio-9090"]
2019-11-08 11:08:54 -Starting service [Tomcat]
2019-11-08 11:08:54 -Starting Servlet engine: [Apache Tomcat/9.0.24]
2019-11-08 11:08:54 -Initializing Spring embedded WebApplicationContext
2019-11-08 11:08:54 -Root WebApplicationContext: initialization completed in 1605 ms
2019-11-08 11:08:54 -Initializing ExecutorService 'applicationTaskExecutor'
2019-11-08 11:08:54 -Starting ProtocolHandler ["http-nio-9090"]
2019-11-08 11:08:54 -Tomcat started on port(s): 9090 (http) with context path ''
2019-11-08 11:08:54 -Started Application in 2.68 seconds (JVM running for 3.467)
2019-11-08 11:11:29 -Starting Application on DESKTOP-R1A3M-1 with PID 6764 (D:\it\tcp\tcp_server\target\classes started by Administrator in D:\it\tcp\tcp_server)
2019-11-08 11:11:29 -No active profile set, falling back to default profiles: default
2019-11-08 11:11:31 -Tomcat initialized with port(s): 9090 (http)
2019-11-08 11:11:31 -Initializing ProtocolHandler ["http-nio-9090"]
2019-11-08 11:11:31 -Starting service [Tomcat]
2019-11-08 11:11:31 -Starting Servlet engine: [Apache Tomcat/9.0.24]
2019-11-08 11:11:31 -Initializing Spring embedded WebApplicationContext
2019-11-08 11:11:31 -Root WebApplicationContext: initialization completed in 1425 ms
2019-11-08 11:11:31 -Initializing ExecutorService 'applicationTaskExecutor'
2019-11-08 11:11:31 -Starting ProtocolHandler ["http-nio-9090"]
2019-11-08 11:11:31 -Tomcat started on port(s): 9090 (http) with context path ''
2019-11-08 11:11:31 -Started Application in 2.465 seconds (JVM running for 3.632)
2019-11-08 11:12:17 -Starting Application on DESKTOP-R1A3M-1 with PID 2044 (D:\it\tcp\tcp_server\target\classes started by Administrator in D:\it\tcp\tcp_server)
2019-11-08 11:12:17 -No active profile set, falling back to default profiles: default
2019-11-08 11:12:19 -Tomcat initialized with port(s): 9090 (http)
2019-11-08 11:12:19 -Initializing ProtocolHandler ["http-nio-9090"]
2019-11-08 11:12:19 -Starting service [Tomcat]
2019-11-08 11:12:19 -Starting Servlet engine: [Apache Tomcat/9.0.24]
2019-11-08 11:12:19 -Initializing Spring embedded WebApplicationContext
2019-11-08 11:12:19 -Root WebApplicationContext: initialization completed in 1366 ms
2019-11-08 11:12:19 -Exception encountered during context initialization - cancelling refresh attempt: org.springframework.beans.factory.BeanCreationException: Error creating bean with name 'bootNettyChannelInboundHandlerAdapter' defined in file [D:\it\tcp\tcp_server\target\classes\com\tcp\BootNettyChannelInboundHandlerAdapter.class]: Post-processing of merged bean definition failed; nested exception is java.lang.IllegalStateException: Lifecycle method annotation requires a no-arg method: public void com.tcp.BootNettyChannelInboundHandlerAdapter.channelActive(io.netty.channel.ChannelHandlerContext) throws java.lang.Exception,java.io.IOException
2019-11-08 11:12:19 -Stopping service [Tomcat]
2019-11-08 11:12:19 -

Error starting ApplicationContext. To display the conditions report re-run your application with 'debug' enabled.
2019-11-08 11:12:19 -Application run failed
org.springframework.beans.factory.BeanCreationException: Error creating bean with name 'bootNettyChannelInboundHandlerAdapter' defined in file [D:\it\tcp\tcp_server\target\classes\com\tcp\BootNettyChannelInboundHandlerAdapter.class]: Post-processing of merged bean definition failed; nested exception is java.lang.IllegalStateException: Lifecycle method annotation requires a no-arg method: public void com.tcp.BootNettyChannelInboundHandlerAdapter.channelActive(io.netty.channel.ChannelHandlerContext) throws java.lang.Exception,java.io.IOException
	at org.springframework.beans.factory.support.AbstractAutowireCapableBeanFactory.doCreateBean(AbstractAutowireCapableBeanFactory.java:570)
	at org.springframework.beans.factory.support.AbstractAutowireCapableBeanFactory.createBean(AbstractAutowireCapableBeanFactory.java:515)
	at org.springframework.beans.factory.support.AbstractBeanFactory.lambda$doGetBean$0(AbstractBeanFactory.java:320)
	at org.springframework.beans.factory.support.DefaultSingletonBeanRegistry.getSingleton(DefaultSingletonBeanRegistry.java:222)
	at org.springframework.beans.factory.support.AbstractBeanFactory.doGetBean(AbstractBeanFactory.java:318)
	at org.springframework.beans.factory.support.AbstractBeanFactory.getBean(AbstractBeanFactory.java:199)
	at org.springframework.beans.factory.support.DefaultListableBeanFactory.preInstantiateSingletons(DefaultListableBeanFactory.java:845)
	at org.springframework.context.support.AbstractApplicationContext.finishBeanFactoryInitialization(AbstractApplicationContext.java:877)
	at org.springframework.context.support.AbstractApplicationContext.refresh(AbstractApplicationContext.java:549)
	at org.springframework.boot.web.servlet.context.ServletWebServerApplicationContext.refresh(ServletWebServerApplicationContext.java:141)
	at org.springframework.boot.SpringApplication.refresh(SpringApplication.java:744)
	at org.springframework.boot.SpringApplication.refreshContext(SpringApplication.java:391)
	at org.springframework.boot.SpringApplication.run(SpringApplication.java:312)
	at org.springframework.boot.SpringApplication.run(SpringApplication.java:1215)
	at org.springframework.boot.SpringApplication.run(SpringApplication.java:1204)
	at com.Application.main(Application.java:16)
Caused by: java.lang.IllegalStateException: Lifecycle method annotation requires a no-arg method: public void com.tcp.BootNettyChannelInboundHandlerAdapter.channelActive(io.netty.channel.ChannelHandlerContext) throws java.lang.Exception,java.io.IOException
	at org.springframework.beans.factory.annotation.InitDestroyAnnotationBeanPostProcessor$LifecycleElement.<init>(InitDestroyAnnotationBeanPostProcessor.java:346)
	at org.springframework.beans.factory.annotation.InitDestroyAnnotationBeanPostProcessor.lambda$buildLifecycleMetadata$0(InitDestroyAnnotationBeanPostProcessor.java:209)
	at org.springframework.util.ReflectionUtils.doWithLocalMethods(ReflectionUtils.java:370)
	at org.springframework.beans.factory.annotation.InitDestroyAnnotationBeanPostProcessor.buildLifecycleMetadata(InitDestroyAnnotationBeanPostProcessor.java:207)
	at org.springframework.beans.factory.annotation.InitDestroyAnnotationBeanPostProcessor.findLifecycleMetadata(InitDestroyAnnotationBeanPostProcessor.java:189)
	at org.springframework.beans.factory.annotation.InitDestroyAnnotationBeanPostProcessor.postProcessMergedBeanDefinition(InitDestroyAnnotationBeanPostProcessor.java:128)
	at org.springframework.context.annotation.CommonAnnotationBeanPostProcessor.postProcessMergedBeanDefinition(CommonAnnotationBeanPostProcessor.java:297)
	at org.springframework.beans.factory.support.AbstractAutowireCapableBeanFactory.applyMergedBeanDefinitionPostProcessors(AbstractAutowireCapableBeanFactory.java:1077)
	at org.springframework.beans.factory.support.AbstractAutowireCapableBeanFactory.doCreateBean(AbstractAutowireCapableBeanFactory.java:567)
	... 15 common frames omitted
2019-11-08 11:12:47 -Starting Application on DESKTOP-R1A3M-1 with PID 524 (D:\it\tcp\tcp_server\target\classes started by Administrator in D:\it\tcp\tcp_server)
2019-11-08 11:12:47 -No active profile set, falling back to default profiles: default
2019-11-08 11:12:49 -Tomcat initialized with port(s): 9090 (http)
2019-11-08 11:12:49 -Initializing ProtocolHandler ["http-nio-9090"]
2019-11-08 11:12:49 -Starting service [Tomcat]
2019-11-08 11:12:49 -Starting Servlet engine: [Apache Tomcat/9.0.24]
2019-11-08 11:12:49 -Initializing Spring embedded WebApplicationContext
2019-11-08 11:12:49 -Root WebApplicationContext: initialization completed in 1565 ms
2019-11-08 11:12:49 -Exception encountered during context initialization - cancelling refresh attempt: org.springframework.beans.factory.BeanCreationException: Error creating bean with name 'bootNettyChannelInboundHandlerAdapter' defined in file [D:\it\tcp\tcp_server\target\classes\com\tcp\BootNettyChannelInboundHandlerAdapter.class]: Post-processing of merged bean definition failed; nested exception is java.lang.IllegalStateException: Lifecycle method annotation requires a no-arg method: public void com.tcp.BootNettyChannelInboundHandlerAdapter.channelActive(io.netty.channel.ChannelHandlerContext) throws java.lang.Exception,java.io.IOException
2019-11-08 11:12:49 -Stopping service [Tomcat]
2019-11-08 11:12:49 -

Error starting ApplicationContext. To display the conditions report re-run your application with 'debug' enabled.
2019-11-08 11:12:49 -Application run failed
org.springframework.beans.factory.BeanCreationException: Error creating bean with name 'bootNettyChannelInboundHandlerAdapter' defined in file [D:\it\tcp\tcp_server\target\classes\com\tcp\BootNettyChannelInboundHandlerAdapter.class]: Post-processing of merged bean definition failed; nested exception is java.lang.IllegalStateException: Lifecycle method annotation requires a no-arg method: public void com.tcp.BootNettyChannelInboundHandlerAdapter.channelActive(io.netty.channel.ChannelHandlerContext) throws java.lang.Exception,java.io.IOException
	at org.springframework.beans.factory.support.AbstractAutowireCapableBeanFactory.doCreateBean(AbstractAutowireCapableBeanFactory.java:570)
	at org.springframework.beans.factory.support.AbstractAutowireCapableBeanFactory.createBean(AbstractAutowireCapableBeanFactory.java:515)
	at org.springframework.beans.factory.support.AbstractBeanFactory.lambda$doGetBean$0(AbstractBeanFactory.java:320)
	at org.springframework.beans.factory.support.DefaultSingletonBeanRegistry.getSingleton(DefaultSingletonBeanRegistry.java:222)
	at org.springframework.beans.factory.support.AbstractBeanFactory.doGetBean(AbstractBeanFactory.java:318)
	at org.springframework.beans.factory.support.AbstractBeanFactory.getBean(AbstractBeanFactory.java:199)
	at org.springframework.beans.factory.support.DefaultListableBeanFactory.preInstantiateSingletons(DefaultListableBeanFactory.java:845)
	at org.springframework.context.support.AbstractApplicationContext.finishBeanFactoryInitialization(AbstractApplicationContext.java:877)
	at org.springframework.context.support.AbstractApplicationContext.refresh(AbstractApplicationContext.java:549)
	at org.springframework.boot.web.servlet.context.ServletWebServerApplicationContext.refresh(ServletWebServerApplicationContext.java:141)
	at org.springframework.boot.SpringApplication.refresh(SpringApplication.java:744)
	at org.springframework.boot.SpringApplication.refreshContext(SpringApplication.java:391)
	at org.springframework.boot.SpringApplication.run(SpringApplication.java:312)
	at org.springframework.boot.SpringApplication.run(SpringApplication.java:1215)
	at org.springframework.boot.SpringApplication.run(SpringApplication.java:1204)
	at com.Application.main(Application.java:16)
Caused by: java.lang.IllegalStateException: Lifecycle method annotation requires a no-arg method: public void com.tcp.BootNettyChannelInboundHandlerAdapter.channelActive(io.netty.channel.ChannelHandlerContext) throws java.lang.Exception,java.io.IOException
	at org.springframework.beans.factory.annotation.InitDestroyAnnotationBeanPostProcessor$LifecycleElement.<init>(InitDestroyAnnotationBeanPostProcessor.java:346)
	at org.springframework.beans.factory.annotation.InitDestroyAnnotationBeanPostProcessor.lambda$buildLifecycleMetadata$0(InitDestroyAnnotationBeanPostProcessor.java:209)
	at org.springframework.util.ReflectionUtils.doWithLocalMethods(ReflectionUtils.java:370)
	at org.springframework.beans.factory.annotation.InitDestroyAnnotationBeanPostProcessor.buildLifecycleMetadata(InitDestroyAnnotationBeanPostProcessor.java:207)
	at org.springframework.beans.factory.annotation.InitDestroyAnnotationBeanPostProcessor.findLifecycleMetadata(InitDestroyAnnotationBeanPostProcessor.java:189)
	at org.springframework.beans.factory.annotation.InitDestroyAnnotationBeanPostProcessor.postProcessMergedBeanDefinition(InitDestroyAnnotationBeanPostProcessor.java:128)
	at org.springframework.context.annotation.CommonAnnotationBeanPostProcessor.postProcessMergedBeanDefinition(CommonAnnotationBeanPostProcessor.java:297)
	at org.springframework.beans.factory.support.AbstractAutowireCapableBeanFactory.applyMergedBeanDefinitionPostProcessors(AbstractAutowireCapableBeanFactory.java:1077)
	at org.springframework.beans.factory.support.AbstractAutowireCapableBeanFactory.doCreateBean(AbstractAutowireCapableBeanFactory.java:567)
	... 15 common frames omitted
2019-11-08 11:12:54 -Starting Application on DESKTOP-R1A3M-1 with PID 5288 (D:\it\tcp\tcp_server\target\classes started by Administrator in D:\it\tcp\tcp_server)
2019-11-08 11:12:54 -No active profile set, falling back to default profiles: default
2019-11-08 11:12:56 -Tomcat initialized with port(s): 9090 (http)
2019-11-08 11:12:56 -Initializing ProtocolHandler ["http-nio-9090"]
2019-11-08 11:12:56 -Starting service [Tomcat]
2019-11-08 11:12:56 -Starting Servlet engine: [Apache Tomcat/9.0.24]
2019-11-08 11:12:56 -Initializing Spring embedded WebApplicationContext
2019-11-08 11:12:56 -Root WebApplicationContext: initialization completed in 1435 ms
2019-11-08 11:12:56 -Exception encountered during context initialization - cancelling refresh attempt: org.springframework.beans.factory.BeanCreationException: Error creating bean with name 'bootNettyChannelInboundHandlerAdapter' defined in file [D:\it\tcp\tcp_server\target\classes\com\tcp\BootNettyChannelInboundHandlerAdapter.class]: Post-processing of merged bean definition failed; nested exception is java.lang.IllegalStateException: Lifecycle method annotation requires a no-arg method: public void com.tcp.BootNettyChannelInboundHandlerAdapter.channelActive(io.netty.channel.ChannelHandlerContext) throws java.lang.Exception,java.io.IOException
2019-11-08 11:12:56 -Stopping service [Tomcat]
2019-11-08 11:12:56 -

Error starting ApplicationContext. To display the conditions report re-run your application with 'debug' enabled.
2019-11-08 11:12:56 -Application run failed
org.springframework.beans.factory.BeanCreationException: Error creating bean with name 'bootNettyChannelInboundHandlerAdapter' defined in file [D:\it\tcp\tcp_server\target\classes\com\tcp\BootNettyChannelInboundHandlerAdapter.class]: Post-processing of merged bean definition failed; nested exception is java.lang.IllegalStateException: Lifecycle method annotation requires a no-arg method: public void com.tcp.BootNettyChannelInboundHandlerAdapter.channelActive(io.netty.channel.ChannelHandlerContext) throws java.lang.Exception,java.io.IOException
	at org.springframework.beans.factory.support.AbstractAutowireCapableBeanFactory.doCreateBean(AbstractAutowireCapableBeanFactory.java:570)
	at org.springframework.beans.factory.support.AbstractAutowireCapableBeanFactory.createBean(AbstractAutowireCapableBeanFactory.java:515)
	at org.springframework.beans.factory.support.AbstractBeanFactory.lambda$doGetBean$0(AbstractBeanFactory.java:320)
	at org.springframework.beans.factory.support.DefaultSingletonBeanRegistry.getSingleton(DefaultSingletonBeanRegistry.java:222)
	at org.springframework.beans.factory.support.AbstractBeanFactory.doGetBean(AbstractBeanFactory.java:318)
	at org.springframework.beans.factory.support.AbstractBeanFactory.getBean(AbstractBeanFactory.java:199)
	at org.springframework.beans.factory.support.DefaultListableBeanFactory.preInstantiateSingletons(DefaultListableBeanFactory.java:845)
	at org.springframework.context.support.AbstractApplicationContext.finishBeanFactoryInitialization(AbstractApplicationContext.java:877)
	at org.springframework.context.support.AbstractApplicationContext.refresh(AbstractApplicationContext.java:549)
	at org.springframework.boot.web.servlet.context.ServletWebServerApplicationContext.refresh(ServletWebServerApplicationContext.java:141)
	at org.springframework.boot.SpringApplication.refresh(SpringApplication.java:744)
	at org.springframework.boot.SpringApplication.refreshContext(SpringApplication.java:391)
	at org.springframework.boot.SpringApplication.run(SpringApplication.java:312)
	at org.springframework.boot.SpringApplication.run(SpringApplication.java:1215)
	at org.springframework.boot.SpringApplication.run(SpringApplication.java:1204)
	at com.Application.main(Application.java:16)
Caused by: java.lang.IllegalStateException: Lifecycle method annotation requires a no-arg method: public void com.tcp.BootNettyChannelInboundHandlerAdapter.channelActive(io.netty.channel.ChannelHandlerContext) throws java.lang.Exception,java.io.IOException
	at org.springframework.beans.factory.annotation.InitDestroyAnnotationBeanPostProcessor$LifecycleElement.<init>(InitDestroyAnnotationBeanPostProcessor.java:346)
	at org.springframework.beans.factory.annotation.InitDestroyAnnotationBeanPostProcessor.lambda$buildLifecycleMetadata$0(InitDestroyAnnotationBeanPostProcessor.java:209)
	at org.springframework.util.ReflectionUtils.doWithLocalMethods(ReflectionUtils.java:370)
	at org.springframework.beans.factory.annotation.InitDestroyAnnotationBeanPostProcessor.buildLifecycleMetadata(InitDestroyAnnotationBeanPostProcessor.java:207)
	at org.springframework.beans.factory.annotation.InitDestroyAnnotationBeanPostProcessor.findLifecycleMetadata(InitDestroyAnnotationBeanPostProcessor.java:189)
	at org.springframework.beans.factory.annotation.InitDestroyAnnotationBeanPostProcessor.postProcessMergedBeanDefinition(InitDestroyAnnotationBeanPostProcessor.java:128)
	at org.springframework.context.annotation.CommonAnnotationBeanPostProcessor.postProcessMergedBeanDefinition(CommonAnnotationBeanPostProcessor.java:297)
	at org.springframework.beans.factory.support.AbstractAutowireCapableBeanFactory.applyMergedBeanDefinitionPostProcessors(AbstractAutowireCapableBeanFactory.java:1077)
	at org.springframework.beans.factory.support.AbstractAutowireCapableBeanFactory.doCreateBean(AbstractAutowireCapableBeanFactory.java:567)
	... 15 common frames omitted
2019-11-08 11:13:46 -Starting Application on DESKTOP-R1A3M-1 with PID 1628 (D:\it\tcp\tcp_server\target\classes started by Administrator in D:\it\tcp\tcp_server)
2019-11-08 11:13:46 -No active profile set, falling back to default profiles: default
2019-11-08 11:13:47 -Tomcat initialized with port(s): 9090 (http)
2019-11-08 11:13:47 -Initializing ProtocolHandler ["http-nio-9090"]
2019-11-08 11:13:47 -Starting service [Tomcat]
2019-11-08 11:13:47 -Starting Servlet engine: [Apache Tomcat/9.0.24]
2019-11-08 11:13:47 -Initializing Spring embedded WebApplicationContext
2019-11-08 11:13:47 -Root WebApplicationContext: initialization completed in 1236 ms
2019-11-08 11:13:47 -Initializing ExecutorService 'applicationTaskExecutor'
2019-11-08 11:13:47 -Starting ProtocolHandler ["http-nio-9090"]
2019-11-08 11:13:47 -Tomcat started on port(s): 9090 (http) with context path ''
2019-11-08 11:13:47 -Started Application in 2.192 seconds (JVM running for 2.849)
2019-11-08 11:15:56 -Starting Application on DESKTOP-R1A3M-1 with PID 5076 (D:\it\tcp\tcp_server\target\classes started by Administrator in D:\it\tcp\tcp_server)
2019-11-08 11:15:56 -No active profile set, falling back to default profiles: default
2019-11-08 11:15:57 -Tomcat initialized with port(s): 9090 (http)
2019-11-08 11:15:57 -Initializing ProtocolHandler ["http-nio-9090"]
2019-11-08 11:15:57 -Starting service [Tomcat]
2019-11-08 11:15:57 -Starting Servlet engine: [Apache Tomcat/9.0.24]
2019-11-08 11:15:57 -Initializing Spring embedded WebApplicationContext
2019-11-08 11:15:57 -Root WebApplicationContext: initialization completed in 1432 ms
2019-11-08 11:15:57 -Initializing ExecutorService 'applicationTaskExecutor'
2019-11-08 11:15:58 -Starting ProtocolHandler ["http-nio-9090"]
2019-11-08 11:15:58 -Tomcat started on port(s): 9090 (http) with context path ''
2019-11-08 11:15:58 -Started Application in 2.351 seconds (JVM running for 3.196)
2019-11-08 11:17:48 -Starting Application on DESKTOP-R1A3M-1 with PID 7852 (D:\it\tcp\tcp_server\target\classes started by Administrator in D:\it\tcp\tcp_server)
2019-11-08 11:17:48 -No active profile set, falling back to default profiles: default
2019-11-08 11:17:49 -Tomcat initialized with port(s): 9090 (http)
2019-11-08 11:17:49 -Initializing ProtocolHandler ["http-nio-9090"]
2019-11-08 11:17:49 -Starting service [Tomcat]
2019-11-08 11:17:49 -Starting Servlet engine: [Apache Tomcat/9.0.24]
2019-11-08 11:17:49 -Initializing Spring embedded WebApplicationContext
2019-11-08 11:17:49 -Root WebApplicationContext: initialization completed in 1342 ms
2019-11-08 11:17:50 -Initializing ExecutorService 'applicationTaskExecutor'
2019-11-08 11:17:50 -Starting ProtocolHandler ["http-nio-9090"]
2019-11-08 11:17:50 -Tomcat started on port(s): 9090 (http) with context path ''
2019-11-08 11:17:50 -Started Application in 2.185 seconds (JVM running for 2.917)
2019-11-08 11:18:19 -Starting Application on DESKTOP-R1A3M-1 with PID 9556 (D:\it\tcp\tcp_server\target\classes started by Administrator in D:\it\tcp\tcp_server)
2019-11-08 11:18:19 -No active profile set, falling back to default profiles: default
2019-11-08 11:18:21 -Tomcat initialized with port(s): 9090 (http)
2019-11-08 11:18:21 -Initializing ProtocolHandler ["http-nio-9090"]
2019-11-08 11:18:21 -Starting service [Tomcat]
2019-11-08 11:18:21 -Starting Servlet engine: [Apache Tomcat/9.0.24]
2019-11-08 11:18:21 -Initializing Spring embedded WebApplicationContext
2019-11-08 11:18:21 -Root WebApplicationContext: initialization completed in 1431 ms
2019-11-08 11:18:21 -Initializing ExecutorService 'applicationTaskExecutor'
2019-11-08 11:18:21 -Starting ProtocolHandler ["http-nio-9090"]
2019-11-08 11:18:21 -Tomcat started on port(s): 9090 (http) with context path ''
2019-11-08 11:18:21 -Started Application in 2.474 seconds (JVM running for 3.255)
2019-11-08 11:19:25 -Starting Application on DESKTOP-R1A3M-1 with PID 5096 (D:\it\tcp\tcp_server\target\classes started by Administrator in D:\it\tcp\tcp_server)
2019-11-08 11:19:25 -No active profile set, falling back to default profiles: default
2019-11-08 11:19:27 -Tomcat initialized with port(s): 9090 (http)
2019-11-08 11:19:27 -Initializing ProtocolHandler ["http-nio-9090"]
2019-11-08 11:19:27 -Starting service [Tomcat]
2019-11-08 11:19:27 -Starting Servlet engine: [Apache Tomcat/9.0.24]
2019-11-08 11:19:27 -Initializing Spring embedded WebApplicationContext
2019-11-08 11:19:27 -Root WebApplicationContext: initialization completed in 1361 ms
2019-11-08 11:19:27 -Initializing ExecutorService 'applicationTaskExecutor'
2019-11-08 11:19:27 -Starting ProtocolHandler ["http-nio-9090"]
2019-11-08 11:19:27 -Tomcat started on port(s): 9090 (http) with context path ''
2019-11-08 11:19:27 -Started Application in 2.324 seconds (JVM running for 3.204)
2019-11-08 11:39:01 -Starting Application on DESKTOP-R1A3M-1 with PID 8372 (D:\it\tcp\tcp_server\target\classes started by Administrator in D:\it\tcp\tcp_server)
2019-11-08 11:39:01 -No active profile set, falling back to default profiles: default
2019-11-08 11:39:02 -Tomcat initialized with port(s): 9090 (http)
2019-11-08 11:39:02 -Initializing ProtocolHandler ["http-nio-9090"]
2019-11-08 11:39:02 -Starting service [Tomcat]
2019-11-08 11:39:02 -Starting Servlet engine: [Apache Tomcat/9.0.24]
2019-11-08 11:39:02 -Initializing Spring embedded WebApplicationContext
2019-11-08 11:39:02 -Root WebApplicationContext: initialization completed in 1475 ms
2019-11-08 11:39:03 -Initializing ExecutorService 'applicationTaskExecutor'
2019-11-08 11:39:03 -Starting ProtocolHandler ["http-nio-9090"]
2019-11-08 11:39:03 -Tomcat started on port(s): 9090 (http) with context path ''
2019-11-08 11:39:03 -Started Application in 2.603 seconds (JVM running for 3.54)
2019-11-08 11:39:03 -Starting Application on DESKTOP-R1A3M-1 with PID 8372 (D:\it\tcp\tcp_server\target\classes started by Administrator in D:\it\tcp\tcp_server)
2019-11-08 11:39:03 -No active profile set, falling back to default profiles: default
2019-11-08 11:39:03 -Tomcat initialized with port(s): 9090 (http)
2019-11-08 11:39:03 -Initializing ProtocolHandler ["http-nio-9090"]
2019-11-08 11:39:03 -Starting service [Tomcat]
2019-11-08 11:39:03 -Starting Servlet engine: [Apache Tomcat/9.0.24]
2019-11-08 11:39:03 -Initializing Spring embedded WebApplicationContext
2019-11-08 11:39:03 -Root WebApplicationContext: initialization completed in 662 ms
2019-11-08 11:39:04 -Initializing ExecutorService 'applicationTaskExecutor'
2019-11-08 11:39:04 -Exception encountered during context initialization - cancelling refresh attempt: org.springframework.beans.factory.BeanCreationException: Error creating bean with name 'springApplicationAdminRegistrar' defined in class path resource [org/springframework/boot/autoconfigure/admin/SpringApplicationAdminJmxAutoConfiguration.class]: Invocation of init method failed; nested exception is javax.management.InstanceAlreadyExistsException: org.springframework.boot:type=Admin,name=SpringApplication
2019-11-08 11:39:04 -Shutting down ExecutorService 'applicationTaskExecutor'
2019-11-08 11:39:04 -Stopping service [Tomcat]
2019-11-08 11:39:04 -

Error starting ApplicationContext. To display the conditions report re-run your application with 'debug' enabled.
2019-11-08 11:39:04 -Application run failed
org.springframework.beans.factory.BeanCreationException: Error creating bean with name 'springApplicationAdminRegistrar' defined in class path resource [org/springframework/boot/autoconfigure/admin/SpringApplicationAdminJmxAutoConfiguration.class]: Invocation of init method failed; nested exception is javax.management.InstanceAlreadyExistsException: org.springframework.boot:type=Admin,name=SpringApplication
	at org.springframework.beans.factory.support.AbstractAutowireCapableBeanFactory.initializeBean(AbstractAutowireCapableBeanFactory.java:1778)
	at org.springframework.beans.factory.support.AbstractAutowireCapableBeanFactory.doCreateBean(AbstractAutowireCapableBeanFactory.java:593)
	at org.springframework.beans.factory.support.AbstractAutowireCapableBeanFactory.createBean(AbstractAutowireCapableBeanFactory.java:515)
	at org.springframework.beans.factory.support.AbstractBeanFactory.lambda$doGetBean$0(AbstractBeanFactory.java:320)
	at org.springframework.beans.factory.support.DefaultSingletonBeanRegistry.getSingleton(DefaultSingletonBeanRegistry.java:222)
	at org.springframework.beans.factory.support.AbstractBeanFactory.doGetBean(AbstractBeanFactory.java:318)
	at org.springframework.beans.factory.support.AbstractBeanFactory.getBean(AbstractBeanFactory.java:199)
	at org.springframework.beans.factory.support.DefaultListableBeanFactory.preInstantiateSingletons(DefaultListableBeanFactory.java:845)
	at org.springframework.context.support.AbstractApplicationContext.finishBeanFactoryInitialization(AbstractApplicationContext.java:877)
	at org.springframework.context.support.AbstractApplicationContext.refresh(AbstractApplicationContext.java:549)
	at org.springframework.boot.web.servlet.context.ServletWebServerApplicationContext.refresh(ServletWebServerApplicationContext.java:141)
	at org.springframework.boot.SpringApplication.refresh(SpringApplication.java:744)
	at org.springframework.boot.SpringApplication.refreshContext(SpringApplication.java:391)
	at org.springframework.boot.SpringApplication.run(SpringApplication.java:312)
	at com.Application.main(Application.java:25)
Caused by: javax.management.InstanceAlreadyExistsException: org.springframework.boot:type=Admin,name=SpringApplication
	at com.sun.jmx.mbeanserver.Repository.addMBean(Repository.java:437)
	at com.sun.jmx.interceptor.DefaultMBeanServerInterceptor.registerWithRepository(DefaultMBeanServerInterceptor.java:1898)
	at com.sun.jmx.interceptor.DefaultMBeanServerInterceptor.registerDynamicMBean(DefaultMBeanServerInterceptor.java:966)
	at com.sun.jmx.interceptor.DefaultMBeanServerInterceptor.registerObject(DefaultMBeanServerInterceptor.java:900)
	at com.sun.jmx.interceptor.DefaultMBeanServerInterceptor.registerMBean(DefaultMBeanServerInterceptor.java:324)
	at com.sun.jmx.mbeanserver.JmxMBeanServer.registerMBean(JmxMBeanServer.java:522)
	at org.springframework.boot.admin.SpringApplicationAdminMXBeanRegistrar.afterPropertiesSet(SpringApplicationAdminMXBeanRegistrar.java:129)
	at org.springframework.beans.factory.support.AbstractAutowireCapableBeanFactory.invokeInitMethods(AbstractAutowireCapableBeanFactory.java:1837)
	at org.springframework.beans.factory.support.AbstractAutowireCapableBeanFactory.initializeBean(AbstractAutowireCapableBeanFactory.java:1774)
	... 14 common frames omitted
2019-11-08 11:41:41 -Starting Application on DESKTOP-R1A3M-1 with PID 4652 (D:\it\tcp\tcp_server\target\classes started by Administrator in D:\it\tcp\tcp_server)
2019-11-08 11:41:41 -No active profile set, falling back to default profiles: default
2019-11-08 11:41:43 -Tomcat initialized with port(s): 9090 (http)
2019-11-08 11:41:43 -Initializing ProtocolHandler ["http-nio-9090"]
2019-11-08 11:41:43 -Starting service [Tomcat]
2019-11-08 11:41:43 -Starting Servlet engine: [Apache Tomcat/9.0.24]
2019-11-08 11:41:43 -Initializing Spring embedded WebApplicationContext
2019-11-08 11:41:43 -Root WebApplicationContext: initialization completed in 1385 ms
2019-11-08 11:41:43 -Initializing ExecutorService 'applicationTaskExecutor'
2019-11-08 11:41:43 -Starting ProtocolHandler ["http-nio-9090"]
2019-11-08 11:41:43 -Tomcat started on port(s): 9090 (http) with context path ''
2019-11-08 11:41:43 -Started Application in 2.423 seconds (JVM running for 3.247)
2019-11-08 11:50:53 -Starting Application on DESKTOP-R1A3M-1 with PID 9120 (D:\it\tcp\tcp_server\target\classes started by Administrator in D:\it\tcp\tcp_server)
2019-11-08 11:50:53 -No active profile set, falling back to default profiles: default
2019-11-08 11:50:55 -Tomcat initialized with port(s): 9090 (http)
2019-11-08 11:50:55 -Initializing ProtocolHandler ["http-nio-9090"]
2019-11-08 11:50:55 -Starting service [Tomcat]
2019-11-08 11:50:55 -Starting Servlet engine: [Apache Tomcat/9.0.24]
2019-11-08 11:50:55 -Initializing Spring embedded WebApplicationContext
2019-11-08 11:50:55 -Root WebApplicationContext: initialization completed in 1466 ms
2019-11-08 11:50:55 -Initializing ExecutorService 'applicationTaskExecutor'
2019-11-08 11:50:55 -Starting ProtocolHandler ["http-nio-9090"]
2019-11-08 11:50:55 -Tomcat started on port(s): 9090 (http) with context path ''
2019-11-08 11:50:55 -Started Application in 2.518 seconds (JVM running for 3.32)
